C51 COMPILER V9.01   DELAY                                                                 02/28/2019 17:51:41 PAGE 1   


C51 COMPILER V9.01, COMPILATION OF MODULE DELAY
OBJECT MODULE PLACED IN delay.OBJ
COMPILER INVOKED BY: E:\Keil\C51\BIN\C51.EXE delay.c LARGE ROM(COMPACT) OPTIMIZE(9,SIZE) REGFILE(.\template.ORC) BROWSE 
                    -DEBUG OBJECTEXTEND

line level    source

   1          #include "delay.h"
   2          #include "reg52.h"
   3          #include <intrins.h>
   4          
   5          #define delay1us() _nop_()
   6          
   7          void delay10us()
   8          {
   9   1              unsigned char a,b;
  10   1              for(b=1;b>0;b--)
  11   1                      for(a=2;a>0;a--);
  12   1      }
  13          
  14          void delay100us()
  15          {
  16   1              delay10us();
  17   1              delay10us();
  18   1              delay10us();
  19   1              delay10us();
  20   1              delay10us();
  21   1              delay10us();
  22   1              delay10us();
  23   1              delay10us();
  24   1              delay10us();
  25   1              delay10us();
  26   1      }
  27          
  28          void delay1ms()
  29          {
  30   1              delay100us();
  31   1              delay100us();
  32   1              delay100us();
  33   1              delay100us();
  34   1              delay100us();
  35   1              delay100us();
  36   1              delay100us();
  37   1              delay100us();
  38   1              delay100us();
  39   1              delay100us();
  40   1      }
  41          
  42          void delayUS(int us)
  43          {
  44   1              int i;
  45   1              if(us==1)
  46   1              {
  47   2                      _nop_();
  48   2              }
  49   1              else
  50   1              {
  51   2                      for(i=0; i<us; i++)
  52   2                              _nop_();
  53   2              }
  54   1      }
C51 COMPILER V9.01   DELAY                                                                 02/28/2019 17:51:41 PAGE 2   

  55          
  56          void delayMS(int ms)
  57          {
  58   1              int i;
  59   1              if(ms==1)
  60   1              {
  61   2                      delay1ms();
  62   2              }
  63   1              else
  64   1              {
  65   2                      for(i=0; i<ms; i++)
  66   2                              delay1ms();
  67   2              }
  68   1      }


MODULE INFORMATION:   STATIC OVERLAYABLE
   CODE SIZE        =    124    ----
   CONSTANT SIZE    =   ----    ----
   XDATA SIZE       =   ----    ----
   PDATA SIZE       =   ----    ----
   DATA SIZE        =   ----    ----
   IDATA SIZE       =   ----    ----
   BIT SIZE         =   ----    ----
END OF MODULE INFORMATION.


C51 COMPILATION COMPLETE.  0 WARNING(S),  0 ERROR(S)
