C51 COMPILER V9.01   MAIN                                                                  03/30/2019 19:21:09 PAGE 1   


C51 COMPILER V9.01, COMPILATION OF MODULE MAIN
OBJECT MODULE PLACED IN main.OBJ
COMPILER INVOKED BY: C:\Keil\C51\BIN\C51.EXE main.c LARGE OPTIMIZE(0,SIZE) BROWSE DEBUG OBJECTEXTEND

line level    source

   1          #include "serial.h"
   2          #include "delay.h"
   3          #include "reg52.h"
   4          #include <assert.h>
   5          #include <string.h>
   6          
   7          typedef enum
   8          {
   9                  INITIAL = 0,
  10                  CONNECTING,
  11                  CONNECTED,
  12                  PROGRAM_EEPROM_PAGE,
  13                  VERIFY_EEPROM_PAGE,
  14                  READ_EEPROM_PAGE,
  15                  FAILED,
  16                  DONE, 
  17                  TIMEOUT
  18          }State;
  19          
  20          sbit CONNECTED_LED   = P3^2;
  21          sbit PROGRAM_LED     = P3^3;
  22          sbit VERIFY_LED      = P3^4;
  23          
  24          void displayState(int state)
  25          {                                       
  26   1              CONNECTED_LED = (state & 0x01) ? 0 : 1;
  27   1              PROGRAM_LED = (state & 0x02) ? 0 : 1;
  28   1              VERIFY_LED = (state & 0x04) ? 0 : 1;
  29   1      }
  30          
  31          ////////////////////////////////////////////////////////////////////
  32          #define EEPROM_ADDRESS_L P0
  33          #define EEPROM_ADDRESS_H P1
  34          #define EEPROM_DATA P2
  35          
  36          sbit EEPROM_WR     = P3^7;
  37          sbit EEPROM_OE     = P3^6;
  38          sbit EEPROM_CE     = P3^5;
  39          
  40          #define SET_WR()                                        EEPROM_WR = 1
  41          #define SET_OE()                                        EEPROM_OE = 1
  42          #define SET_CE()                                        EEPROM_CE = 1
  43          #define CLR_WR()                                        EEPROM_WR = 0
  44          #define CLR_OE()                                        EEPROM_OE = 0
  45          #define CLR_CE()                                        EEPROM_CE = 0
  46          #define GET_WR()                                        EEPROM_WR
  47          #define GET_OE()                                        EEPROM_OE
  48          #define GET_CE()                                        EEPROM_CE
  49          #define SET_EEPROM_ADDRESS_L(addrl) EEPROM_ADDRESS_L = addrl
  50          #define SET_EEPROM_ADDRESS_H(addrh) EEPROM_ADDRESS_H = addrh
  51          #define SET_EEPROM_DATA(data)           EEPROM_DATA = data
  52          #define GET_EEPROM_DATA()                       EEPROM_DATA
  53          
  54          void setAddress(unsigned int addr)
  55          {
C51 COMPILER V9.01   MAIN                                                                  03/30/2019 19:21:09 PAGE 2   

  56   1              SET_EEPROM_ADDRESS_L((addr    ) & 0xff);
  57   1              SET_EEPROM_ADDRESS_H((addr>>8 ) & 0xff);
  58   1      }
  59          
  60          void setData(unsigned char dat)
  61          {
  62   1              SET_EEPROM_DATA(dat);
  63   1      }
  64          
  65          unsigned char getData()
  66          {
  67   1              return GET_EEPROM_DATA();
  68   1      }
  69          
  70          void initEEPROWriter()
  71          {
  72   1              setAddress(0xffff);
  73   1              setData(0xff);
  74   1              SET_WR();
  75   1              SET_OE();
  76   1              SET_CE();
  77   1              
  78   1              delayMS(100);
  79   1      }
  80          
  81          void beginWriteByte()
  82          {
  83   1              setAddress(0xffff);
  84   1              setData(0xff);
  85   1      
  86   1              SET_WR();
  87   1              SET_OE();
  88   1              CLR_CE();
  89   1      }
  90          
  91          void writeByte(unsigned int address, unsigned char dat)
  92          {
  93   1              setAddress(address);
  94   1              setData(dat);
  95   1      
  96   1              //CLR_CE();
  97   1              //delay1us();
  98   1              CLR_WR();
  99   1      
 100   1              //SET_CE();
 101   1              //delay1us();
 102   1              SET_WR();
 103   1      }
 104           
 105          void endWriteByte()
 106          {
 107   1              SET_CE();
 108   1              delayMS(300);
 109   1      }
 110          
 111          void beginReadByte()
 112          {
 113   1              setAddress(0xffff);
 114   1              setData(0xff);
 115   1      
 116   1              SET_WR();
 117   1              SET_OE();
C51 COMPILER V9.01   MAIN                                                                  03/30/2019 19:21:09 PAGE 3   

 118   1              CLR_CE();
 119   1      }
 120          
 121          unsigned char readByte(unsigned int address)
 122          {
 123   1              unsigned char dat;
 124   1      
 125   1              setAddress(address);
 126   1              setData(0xff);
 127   1      
 128   1              //CLR_CE();
 129   1              CLR_OE();
 130   1              delay1us();
 131   1      
 132   1              dat = getData();
 133   1      
 134   1              //SET_CE();
 135   1              SET_OE();
 136   1              delay1us();
 137   1      
 138   1              return dat;
 139   1      }
 140          
 141          void endReadByte()
 142          {
 143   1              SET_CE();
 144   1              delayMS(300);
 145   1      }
 146          
 147          void enableDataProtection()
 148          {
 149   1              writeByte(0x5555, 0xaa);
 150   1              writeByte(0x2aaa, 0x55);
 151   1              writeByte(0x5555, 0xa0);
 152   1      }
 153          
 154          void disableDataProtection()
 155          {
 156   1              writeByte(0x5555, 0xaa);
 157   1              writeByte(0x2aaa, 0x55);
 158   1              writeByte(0x5555, 0x80);
 159   1              writeByte(0x5555, 0xaa);
 160   1              writeByte(0x2aaa, 0x55);
 161   1              writeByte(0x5555, 0x20);
 162   1      }
 163          
 164          void programPage(unsigned int startAddress, unsigned char* dat, unsigned int size)
 165          {
 166   1              int i;
 167   1      
 168   1              beginWriteByte();
 169   1              disableDataProtection();
 170   1              delayMS(20);
 171   1              //endWriteByte();
 172   1      
 173   1              //beginWriteByte();
 174   1              for(i=0; i<size; i++)
 175   1              {
 176   2                      writeByte(startAddress+i, dat[i]);
 177   2              }
 178   1              endWriteByte(); 
 179   1      }
C51 COMPILER V9.01   MAIN                                                                  03/30/2019 19:21:09 PAGE 4   

 180          
 181          char verifyPage(unsigned int startAddress, unsigned char* dat, unsigned int size)
 182          {
 183   1              int i;
 184   1              unsigned char d;
 185   1      
 186   1              beginReadByte();
 187   1              for(i=0; i<size; i++)
 188   1              {
 189   2                      d = readByte(startAddress+i);
 190   2                      //serialSendData(&d, 1, 500); // ack
 191   2                              
 192   2                      if(d!=dat[i])
 193   2                              return 0;
 194   2              }
 195   1              endReadByte();
 196   1              
 197   1              return -1;
 198   1      }
 199          
 200          void readPage(unsigned int startAddress, unsigned char* dat, unsigned int size)
 201          {
 202   1              int i;
 203   1      
 204   1              beginReadByte();
 205   1              for(i=0; i<size; i++)
 206   1              {
 207   2                      dat[i] = readByte(startAddress+i);
 208   2              }
 209   1              endReadByte();
 210   1      }
 211          
 212          unsigned long int convertToBigEndian32(unsigned long int v)
 213          {
 214   1              return ((v>>24) & 0x000000ff) | ((v>>8) & 0x0000ff00) | ((v<<8) & 0x00ff0000) | ((v<<24) & 0xff00000);
 215   1      }
 216          
 217          unsigned int convertToBigEndian16(unsigned int v)
 218          {
 219   1              return ((v>>8) & 0x00ff) | ((v<<8) & 0xff00);
 220   1      }
 221          
 222          void test()
 223          {
 224   1              unsigned char rxBuffer1[] = { 'A', 0x00, 0x01, 0x00, 0x00 };
 225   1              unsigned long int addr = convertToBigEndian32(*((unsigned long int*)(rxBuffer1+1  )));
 226   1      
 227   1              for(addr=0; addr<1024; addr+=1)
 228   1                      setAddress(addr);
 229   1      }
 230          
 231          void main()
 232          {
 233   1              #if 0
                      char test = 0;
                      serialInitialize(9600);
              
                      programPage(0, temp, 32);
                      test = verifyPage(0, temp, 32);
                      while(1)
                      {
                              if(!test)
C51 COMPILER V9.01   MAIN                                                                  03/30/2019 19:21:09 PAGE 5   

                              {
                                      delayMS(250);
                                      EEPROM_CE      = ~EEPROM_CE;
                              }
                              else
                              {
                                      EEPROM_CE      = 0;
                              }
                      };
                      #else
 252   1              State state = INITIAL;
 253   1              char* rxBuffer = 0;
 254   1              //test();       
 255   1      
 256   1              unsigned long LBA = 0x01;
 257   1              unsigned char b0 = (LBA    ) & 0xff;
 258   1              unsigned char b1 = (LBA>> 8) & 0xff;
 259   1              unsigned char b2 = (LBA>>16) & 0xff;
 260   1              unsigned char b3 = (LBA>>32) & 0xff;
 261   1      
 262   1      
 263   1              while(1)
 264   1              {
 265   2                      switch(state)
 266   2                      {
 267   3                              case INITIAL:
 268   3                              {
 269   4                                      displayState(state);                            
 270   4                                      if(serialInitialize(9600))
 271   4                                      {
 272   5                                              state = CONNECTING;
 273   5                                      }
 274   4                                      else
 275   4                                      {
 276   5                                              delayMS(500);
 277   5                                              state = INITIAL;
 278   5                                      }
 279   4                              }
 280   3                              break;
 281   3      
 282   3                              case CONNECTING:
 283   3                              {
 284   4                                      displayState(state);                            
 285   4                                      rxBuffer = serialReceiveData(1); // wait for command C
 286   4      
 287   4                                      //CONNECTED_LED = ~CONNECTED_LED;
 288   4                                      if(*rxBuffer == 'C') 
 289   4                                      {
 290   5                                              serialSendData("c", 1); // ack
 291   5                                              
 292   5                                              state = CONNECTED;       // connected
 293   5                                      }
 294   4                                      else
 295   4                                      {
 296   5                                              state = INITIAL;        // set next baud
 297   5                                      }                               
 298   4                              }
 299   3                              break;
 300   3                                      
 301   3                              case CONNECTED:
 302   3                              {
 303   4                                      displayState(state);                            
C51 COMPILER V9.01   MAIN                                                                  03/30/2019 19:21:09 PAGE 6   

 304   4                                      // CONNECTED_LED = 1;           
 305   4                              
 306   4                                      rxBuffer = serialReceiveData(1); // wait for command P or V
 307   4                                      if(*rxBuffer == 'P')
 308   4                                      {
 309   5                                              serialSendData("p", 1);  // ack
 310   5                                              
 311   5                                              state = PROGRAM_EEPROM_PAGE;     // program
 312   5                                      }
 313   4                                      else if(*rxBuffer == 'V')
 314   4                                      {
 315   5                                              serialSendData("v", 1);          // ack
 316   5                                              
 317   5                                              state = VERIFY_EEPROM_PAGE;      // verify
 318   5                                      }       
 319   4                                      else if(*rxBuffer == 'R')
 320   4                                      {
 321   5                                              serialSendData("r", 1);          // ack
 322   5                                              
 323   5                                              state = READ_EEPROM_PAGE;        // verify
 324   5                                      }                                       
 325   4                                      else
 326   4                                      {
 327   5                                              state = CONNECTED; // unknown command, again
 328   5                                      }
 329   4                              }
 330   3                              break;
 331   3                                      
 332   3                              case PROGRAM_EEPROM_PAGE:
 333   3                              {
 334   4                                      unsigned int address;
 335   4                                      unsigned int size;
 336   4                                      
 337   4                                      displayState(state);
 338   4                                      
 339   4                                      rxBuffer = serialReceiveData(1+2+2); // wait for command P or V
 340   4                                      if(*rxBuffer == 'D')
 341   4                                      {
 342   5                                              serialSendData("d", 1);  // ack failed
 343   5                                                      
 344   5                                              state = DONE; // unknown command, again
 345   5                                      }                               
 346   4                                      else if(*rxBuffer == 'A')
 347   4                                      {
 348   5                                              address = convertToBigEndian16(*((unsigned int*)(rxBuffer+1  )));
 349   5                                              size    = convertToBigEndian16(*((unsigned int*)(rxBuffer+1+2)));
 350   5      
 351   5                                              serialSendData("a", 1);
 352   5                                              
 353   5                                              //PROGRAM_LED     = 1;
 354   5                                              rxBuffer = serialReceiveData(size); // wait for command P or V  
 355   5                                              programPage(address, rxBuffer, size);
 356   5                                              if(verifyPage(address, rxBuffer, size))
 357   5                                              {
 358   6                                                      //PROGRAM_LED     = 0;
 359   6                                              
 360   6                                                      serialSendData("s", 1);  // ack success
 361   6      
 362   6                                                      state = PROGRAM_EEPROM_PAGE; // unknown command, again
 363   6                                              }
 364   5                                              else
 365   5                                              {
C51 COMPILER V9.01   MAIN                                                                  03/30/2019 19:21:09 PAGE 7   

 366   6                                                      //PROGRAM_LED     = 0;
 367   6                                              
 368   6                                                      serialSendData("f", 1);  // ack failed
 369   6                                                      
 370   6                                                      state = FAILED; // unknown command, again
 371   6                                              }
 372   5                                      }
 373   4                                      else
 374   4                                      {
 375   5                                              serialSendData("f", 1);  // ack failed
 376   5      
 377   5                                              state = FAILED; // unknown command, again
 378   5                                      }
 379   4                              }
 380   3                              break;
 381   3                              
 382   3                              case VERIFY_EEPROM_PAGE:
 383   3                              {
 384   4                                      unsigned int address;
 385   4                                      unsigned int size;
 386   4                                      
 387   4                                      displayState(state);
 388   4                                      
 389   4                                      rxBuffer = serialReceiveData(1+2+2); // wait for command P or V
 390   4                                      if(*rxBuffer == 'D')
 391   4                                      {
 392   5                                              serialSendData("d", 1);  // ack failed
 393   5                                                      
 394   5                                              state = DONE; // unknown command, again
 395   5                                      }                               
 396   4                                      else if(*rxBuffer == 'A')
 397   4                                      {
 398   5                                              address = convertToBigEndian16(*((unsigned int*)(rxBuffer+1  )));
 399   5                                              size    = convertToBigEndian16(*((unsigned int*)(rxBuffer+1+2)));
 400   5                                              
 401   5                                              serialSendData("a", 1);
 402   5      
 403   5                                              //PROGRAM_LED     = 1;
 404   5                                              rxBuffer = serialReceiveData(size); // wait for command P or V                                  
 405   5                                              if(verifyPage(address, rxBuffer, size))
 406   5                                              {
 407   6                                                      //PROGRAM_LED     = 0;
 408   6                                              
 409   6                                                      serialSendData("s", 1);  // ack success
 410   6      
 411   6                                                      state = VERIFY_EEPROM_PAGE; // unknown command, again
 412   6                                              }
 413   5                                              else
 414   5                                              {
 415   6                                                      //PROGRAM_LED     = 0;
 416   6                                              
 417   6                                                      serialSendData("f", 1);  // ack failed
 418   6                                                      
 419   6                                                      state = FAILED; // unknown command, again
 420   6                                              }
 421   5                                      }
 422   4                                      else
 423   4                                      {
 424   5                                              serialSendData("f", 1);  // ack failed
 425   5                                                      
 426   5                                              state = FAILED; // unknown command, again
 427   5                                      }
C51 COMPILER V9.01   MAIN                                                                  03/30/2019 19:21:09 PAGE 8   

 428   4                              }
 429   3                              break;
 430   3                              
 431   3                              case READ_EEPROM_PAGE:
 432   3                              {
 433   4                                      unsigned int address;
 434   4                                      unsigned int size;
 435   4                                      
 436   4                                      displayState(state);
 437   4                                      
 438   4                                      rxBuffer = serialReceiveData(1+2+2); // wait for command P or V
 439   4                                      if(*rxBuffer == 'D')
 440   4                                      {
 441   5                                              serialSendData("d", 1);  // ack failed
 442   5                                                      
 443   5                                              state = DONE; // unknown command, again
 444   5                                      }                               
 445   4                                      else if(*rxBuffer == 'A')
 446   4                                      {
 447   5                                              address = convertToBigEndian16(*((unsigned int*)(rxBuffer+1  )));
 448   5                                              size    = convertToBigEndian16(*((unsigned int*)(rxBuffer+1+2)));
 449   5                                              
 450   5                                              serialSendData("a", 1);
 451   5      
 452   5                                              readPage(address, rxBuffer, size);
 453   5                                              
 454   5                                              serialSendData(rxBuffer, size);
 455   5                                      }
 456   4                                      else
 457   4                                      {
 458   5                                              serialSendData("f", 1);  // ack failed
 459   5                                                      
 460   5                                              state = FAILED; // unknown command, again
 461   5                                      }
 462   4                              }
 463   3                              break;                  
 464   3                              
 465   3                              case FAILED:
 466   3                              {       
 467   4                                      displayState(state);
 468   4                                      
 469   4                                      state = CONNECTED; 
 470   4                              }
 471   3                              break;
 472   3                              
 473   3                              case DONE:
 474   3                              {       
 475   4                                      displayState(state);
 476   4                                      
 477   4                                      state = CONNECTED; 
 478   4                              }
 479   3                              break;
 480   3                              
 481   3                              case TIMEOUT:
 482   3                              {       
 483   4                                      displayState(state);
 484   4                                      
 485   4                                      state = CONNECTING;
 486   4                              }
 487   3                              break;                  
 488   3                      }
 489   2              }
C51 COMPILER V9.01   MAIN                                                                  03/30/2019 19:21:09 PAGE 9   

 490   1              
 491   1              #endif
 492   1      } 


MODULE INFORMATION:   STATIC OVERLAYABLE
   CODE SIZE        =   2359    ----
   CONSTANT SIZE    =     21    ----
   XDATA SIZE       =     70    ----
   PDATA SIZE       =   ----    ----
   DATA SIZE        =   ----    ----
   IDATA SIZE       =   ----    ----
   BIT SIZE         =   ----    ----
END OF MODULE INFORMATION.


C51 COMPILATION COMPLETE.  0 WARNING(S),  0 ERROR(S)
